<?xml version="1.0" encoding="UTF-8"?>
<!-- Generated by org.testng.reporters.JUnitReportReporter -->
<testsuite hostname="AMAV1Q0509154" failures="0" tests="2" name="GoogleTest" time="48.888" errors="0" timestamp="2023-02-08T14:07:30 IST" skipped="0">
  <testcase classname="GoogleTest" name="login" time="20.879"/>
  <system-out/>
  <testcase classname="GoogleTest" name="login" time="28.009"/>
  <system-out/>
</testsuite> <!-- GoogleTest -->
